Using pre-set license
Built from '2020.2/staging' branch; Version is '2020.2.3f1 (8ff31bc5bf5b) revision 9433883'; Using compiler version '192528614'; Build Type 'Release'
OS: 'Windows 10 Home; OS build 18363.1500; Version 1909; 64bit' Language: 'zh' Physical Memory: 8103 MB
BatchMode: 1, IsHumanControllingUs: 0, StartBugReporterOnCrash: 0, Is64bit: 1, IsPro: 0

 COMMAND LINE ARGUMENTS:
D:\2020.2.3f1\Editor\Unity.exe
-adb2
-batchMode
-noUpm
-name
AssetImportWorker0
-projectPath
D:/unity/playground
-logFile
Logs/AssetImportWorker0.log
-srvPort
57899
Successfully changed project path to: D:/unity/playground
D:/unity/playground
Using Asset Import Pipeline V2.
Refreshing native plugins compatible for Editor in 46.88 ms, found 1 plugins.
Preloading 0 native plugins for Editor in 0.00 ms.
Initialize engine version: 2020.2.3f1 (8ff31bc5bf5b)
[Subsystems] Discovering subsystems at path D:/2020.2.3f1/Editor/Data/Resources/UnitySubsystems
[Subsystems] Discovering subsystems at path D:/unity/playground/Assets
GfxDevice: creating device client; threaded=0
Direct3D:
    Version:  Direct3D 11.0 [level 11.1]
    Renderer: NVIDIA GeForce GT 1030 (ID=0x1d01)
    Vendor:   
    VRAM:     1982 MB
    Driver:   26.21.14.4219
Initialize mono
Mono path[0] = 'D:/2020.2.3f1/Editor/Data/Managed'
Mono path[1] = 'D:/2020.2.3f1/Editor/Data/MonoBleedingEdge/lib/mono/unityjit'
Mono config path = 'D:/2020.2.3f1/Editor/Data/MonoBleedingEdge/etc'
Using monoOptions --debugger-agent=transport=dt_socket,embedding=1,server=y,suspend=n,address=127.0.0.1:56968
Begin MonoManager ReloadAssembly
Registering precompiled unity dll's ...
Register platform support module: D:/2020.2.3f1/Editor/Data/PlaybackEngines/WindowsStandaloneSupport/UnityEditor.WindowsStandalone.Extensions.dll
Registered in 0.003202 seconds.
Native extension for WindowsStandalone target not found
Refreshing native plugins compatible for Editor in 35.13 ms, found 1 plugins.
Preloading 0 native plugins for Editor in 0.00 ms.
Invoked RoslynAnalysisRunner static constructor.
RoslynAnalysisRunner will not be running.
RoslynAnalysisRunner has terminated.
Mono: successfully reloaded assembly
- Completed reload, in  1.224 seconds
Platform modules already initialized, skipping
Registering precompiled user dll's ...
Registered in 0.000886 seconds.
Begin MonoManager ReloadAssembly
Native extension for WindowsStandalone target not found
Refreshing native plugins compatible for Editor in 37.13 ms, found 1 plugins.
Preloading 0 native plugins for Editor in 0.00 ms.
Invoked RoslynAnalysisRunner static constructor.
RoslynAnalysisRunner will not be running.
RoslynAnalysisRunner has terminated.
Mono: successfully reloaded assembly
- Completed reload, in  0.995 seconds
Platform modules already initialized, skipping
========================================================================
Worker process is ready to serve import requests
Launched and connected shader compiler UnityShaderCompiler.exe after 0.05 seconds
Refreshing native plugins compatible for Editor in 0.32 ms, found 1 plugins.
Preloading 0 native plugins for Editor in 0.00 ms.
Unloading 1802 Unused Serialized files (Serialized files now loaded: 0)
System memory in use before: 87.1 MB.
System memory in use after: 87.0 MB.

Unloading 24 unused Assets to reduce memory usage. Loaded Objects now: 2245.
Total: 2.042700 ms (FindLiveObjects: 0.208900 ms CreateObjectMapping: 0.160500 ms MarkObjects: 1.538500 ms  DeleteObjects: 0.133800 ms)

========================================================================
Received Import Request.
  path: Assets/Scenes/playground.unity
  artifactKey: Guid(d84b33b429f42a64c8b9fc275dbcb631) Importer(815301076,1909f56bfc062723c751e8b465ee728b)
Start importing Assets/Scenes/playground.unity using Guid(d84b33b429f42a64c8b9fc275dbcb631) Importer(815301076,1909f56bfc062723c751e8b465ee728b)  -> (artifact id: '1fe9c1aba9b3ba2add6ee0af19639875') in 0.010775 seconds
  Import took 0.013491 seconds .

========================================================================
Received Import Request.
  Time since last request: 115.228015 seconds.
  path: Assets/playground png/andongni game v2.1.png
  artifactKey: Guid(2305cabba5018b34ebcf1b07a7808262) Importer(815301076,1909f56bfc062723c751e8b465ee728b)
Start importing Assets/playground png/andongni game v2.1.png using Guid(2305cabba5018b34ebcf1b07a7808262) Importer(815301076,1909f56bfc062723c751e8b465ee728b)  -> (artifact id: '6856387a427dc20edf6b7a8c7785f58b') in 0.207189 seconds
  Import took 0.209950 seconds .

========================================================================
Received Prepare
Refreshing native plugins compatible for Editor in 1.69 ms, found 1 plugins.
Preloading 0 native plugins for Editor in 0.00 ms.
Unloading 10 Unused Serialized files (Serialized files now loaded: 0)
System memory in use before: 54.8 MB.
System memory in use after: 54.8 MB.

Unloading 10 unused Assets to reduce memory usage. Loaded Objects now: 2251.
Total: 2.647100 ms (FindLiveObjects: 0.176400 ms CreateObjectMapping: 0.058300 ms MarkObjects: 2.309500 ms  DeleteObjects: 0.101600 ms)

